<?xml version="1.0" encoding="UTF-8"?>
<!-- Generated by org.testng.reporters.JUnitReportReporter -->
<testsuite hostname="Zvonimirs-MBP" failures="0" tests="2" name="tests.GoToCheckoutTest" time="34.469" errors="0" timestamp="05 Feb 2020 12:21:39 GMT" skipped="0">
  <testcase classname="tests.GoToCheckoutTest" name="ShoesCheckout" time="16.744"/>
  <testcase classname="tests.GoToCheckoutTest" name="HoodieCheckout" time="17.725"/>
</testsuite> <!-- tests.GoToCheckoutTest -->
