<?xml version="1.0" encoding="UTF-8"?>
<!-- Generated by org.testng.reporters.JUnitReportReporter -->
<testsuite hostname="Zvonimirs-MBP" failures="0" tests="1" name="tests.PagePreferencesTest" time="12.474" errors="0" timestamp="05 Feb 2020 12:21:39 GMT" skipped="0">
  <testcase classname="tests.PagePreferencesTest" name="ChangeCountryAndCurrency" time="12.474"/>
</testsuite> <!-- tests.PagePreferencesTest -->
