<?xml version="1.0" encoding="UTF-8"?>
<!-- Generated by org.testng.reporters.JUnitReportReporter -->
<testsuite hostname="Zvonimirs-MBP" failures="0" tests="3" name="tests.SavingProductTest" time="38.451" errors="0" timestamp="05 Feb 2020 12:21:39 GMT" skipped="0">
  <testcase classname="tests.SavingProductTest" name="saveShoes" time="8.845"/>
  <testcase classname="tests.SavingProductTest" name="removeShoesFromFavorites" time="18.615"/>
  <testcase classname="tests.SavingProductTest" name="checkIfShoesAdded" time="10.991"/>
</testsuite> <!-- tests.SavingProductTest -->
