<?xml version="1.0" encoding="UTF-8"?>
<!-- Generated by org.testng.reporters.JUnitReportReporter -->
<testsuite hostname="Zvonimirs-MBP" failures="0" tests="2" name="tests.RegisterTest" time="34.094" errors="0" timestamp="05 Feb 2020 12:21:39 GMT" skipped="0">
  <testcase classname="tests.RegisterTest" name="RegisterWithEmail" time="13.676"/>
  <testcase classname="tests.RegisterTest" name="RegisterWithGmail" time="20.418"/>
</testsuite> <!-- tests.RegisterTest -->
